Valori di tutti i registri: (da 0x25 a 0x40)

ENCODER 1 
15:00:01.295 -> |bit7|bit6|bit5|bit4|bit3|bit2|bit1|bit0|
15:00:01.329 -> Register 0x25: 10000000
15:00:01.361 -> Register 0x26: 00000000
15:00:01.395 -> Register 0x27: 11011000
15:00:01.427 -> Register 0x28: 00000100
15:00:01.427 -> Register 0x29: 00000100
15:00:01.461 -> Register 0x2A: 00000000
15:00:01.495 -> Register 0x2B: 00000000
15:00:01.528 -> Register 0x2C: 00000000
15:00:01.562 -> Register 0x2D: 00000000
15:00:01.562 -> Register 0x2E: 00000000
15:00:01.595 -> Register 0x2F: 00000000
15:00:01.627 -> Register 0x30: 00000011
15:00:01.661 -> Register 0x31: 11100111
15:00:01.694 -> Register 0x32: 00000000
15:00:01.694 -> Register 0x33: 00000000
15:00:01.726 -> Register 0x34: 00000111
15:00:01.760 -> Register 0x35: 10111100
15:00:01.794 -> Register 0x36: 00000110
15:00:01.794 -> Register 0x37: 00000010
15:00:01.828 -> Register 0x38: 00100011
15:00:01.861 -> Register 0x39: 11100000
15:00:01.895 -> Register 0x3A: 00000111
15:00:01.928 -> Register 0x3B: 10111100
15:00:01.928 -> Register 0x3C: 00000110
15:00:01.961 -> Register 0x3D: 00000010
15:00:01.994 -> Register 0x3E: 00000000
15:00:02.029 -> Register 0x3F: 00000000
15:00:02.029 -> Register 0x40: 00000000

ENCODER 2 
16:50:32.634 -> |bit7|bit6|bit5|bit4|bit3|bit2|bit1|bit0|
16:50:32.667 -> Register 0x25: 10000000
16:50:32.701 -> Register 0x26: 00000000
16:50:32.735 -> Register 0x27: 11011000
16:50:32.767 -> Register 0x28: 00000100
16:50:32.767 -> Register 0x29: 00000100
16:50:32.801 -> Register 0x2A: 00000000
16:50:32.834 -> Register 0x2B: 00000000
16:50:32.868 -> Register 0x2C: 00000000
16:50:32.901 -> Register 0x2D: 00000000
16:50:32.901 -> Register 0x2E: 00000000
16:50:32.934 -> Register 0x2F: 00000000
16:50:32.968 -> Register 0x30: 00001111
16:50:33.001 -> Register 0x31: 11100111
16:50:33.034 -> Register 0x32: 00000000
16:50:33.034 -> Register 0x33: 00000000
16:50:33.067 -> Register 0x34: 00000111
16:50:33.100 -> Register 0x35: 10101001
16:50:33.134 -> Register 0x36: 00111011
16:50:33.134 -> Register 0x37: 11100111
16:50:33.167 -> Register 0x38: 00100011
16:50:33.200 -> Register 0x39: 11100000
16:50:33.233 -> Register 0x3A: 00000111
16:50:33.267 -> Register 0x3B: 10101001
16:50:33.267 -> Register 0x3C: 00111011
16:50:33.300 -> Register 0x3D: 11100111
16:50:33.333 -> Register 0x3E: 00000000
16:50:33.367 -> Register 0x3F: 00000000
16:50:33.367 -> Register 0x40: 00000000


